app/build/intermediates/manifest_merge_blame_file/debug/manifest-merger-blame-debug-report.txt
1<?xml version="1.0" encoding="utf-8"?>
2<manifest xmlns:android="http://schemas.android.com/apk/res/android"
3    package="mx.utng.mediaapp"
4    android:versionCode="1"
5    android:versionName="1.0" >
6
7    <uses-sdk
8        android:minSdkVersion="21"
8-->src\main\AndroidManifest.xml
9        android:targetSdkVersion="30" />
9-->src\main\AndroidManifest.xml
10
11    <uses-permission android:name="android.permission.INTERNET" />
11-->src\main\AndroidManifest.xml:5:5-67
11-->src\main\AndroidManifest.xml:5:22-64
12
13    <uses-feature
13-->src\main\AndroidManifest.xml:6:5-8:36
14        android:name="android.hardware.touchscreen"
14-->src\main\AndroidManifest.xml:7:9-52
15        android:required="false" />
15-->src\main\AndroidManifest.xml:8:9-33
16    <uses-feature
16-->src\main\AndroidManifest.xml:9:5-11:35
17        android:name="android.software.leanback"
17-->src\main\AndroidManifest.xml:10:9-49
18        android:required="true" />
18-->src\main\AndroidManifest.xml:11:9-32
19
20    <application
20-->src\main\AndroidManifest.xml:13:5-30:19
21        android:allowBackup="true"
21-->src\main\AndroidManifest.xml:15:9-35
22        android:appComponentFactory="androidx.core.app.CoreComponentFactory"
22-->[androidx.core:core:1.3.2] AndroidManifest.xml:24:18-86
23        android:banner="@mipmap/ic_banner"
23-->src\main\AndroidManifest.xml:14:9-43
24        android:debuggable="true"
25        android:icon="@mipmap/ic_launcher"
25-->src\main\AndroidManifest.xml:16:9-43
26        android:label="@string/app_name"
26-->src\main\AndroidManifest.xml:17:9-41
27        android:supportsRtl="true"
27-->src\main\AndroidManifest.xml:18:9-35
28        android:testOnly="true"
29        android:theme="@style/Theme.MediaApp" >
29-->src\main\AndroidManifest.xml:19:9-46
30        <activity
30-->src\main\AndroidManifest.xml:20:9-28:20
31            android:name="mx.utng.mediaapp.MainActivity"
31-->src\main\AndroidManifest.xml:21:13-40
32            android:label="@string/app_name"
32-->src\main\AndroidManifest.xml:22:13-45
33            android:logo="@mipmap/ic_launcher" >
33-->src\main\AndroidManifest.xml:23:13-47
34            <intent-filter>
34-->src\main\AndroidManifest.xml:24:17-27:33
35                <action android:name="android.intent.action.MAIN" />
35-->src\main\AndroidManifest.xml:25:21-73
35-->src\main\AndroidManifest.xml:25:29-70
36
37                <category android:name="android.intent.category.LEANBACK_LAUNCHER" />
37-->src\main\AndroidManifest.xml:26:21-90
37-->src\main\AndroidManifest.xml:26:31-87
38            </intent-filter>
39        </activity>
40        <activity android:name="mx.utng.mediaapp.VideoDetailsActivity" />
40-->src\main\AndroidManifest.xml:29:9-57
40-->src\main\AndroidManifest.xml:29:19-55
41    </application>
42
43</manifest>